\BOOKMARK [1][-]{section.1}{Executive\040summary}{}% 1
\BOOKMARK [1][-]{section.2}{Climate\040change\040is\040settled\040science}{}% 2
\BOOKMARK [2][-]{subsection.2.1}{From\040the\040U\040of\040T\040divestment\040policy}{section.2}% 3
\BOOKMARK [2][-]{subsection.2.2}{It\040is\040not\040properly\040the\040subject\040of\040ongoing\040academic\040debate\040that}{section.2}% 4
\BOOKMARK [2][-]{subsection.2.3}{The\040University\040of\040Toronto\040is\040already\040taking\040action\040on\040climate\040change}{section.2}% 5
\BOOKMARK [2][-]{subsection.2.4}{Fossil\040fuel\040companies\040acknowledge\040the\040reality\040and\040danger\040of\040climate\040change}{section.2}% 6
\BOOKMARK [1][-]{section.3}{The\040activities\040of\040fossil\040fuel\040companies\040are\040socially\040injurious,\040and\040this\040social\040injury\040cannot\040be\040reasonably\040remedied\040through\040shareholder\040voice}{}% 7
\BOOKMARK [2][-]{subsection.3.1}{From\040the\040U\040of\040T\040divestment\040policy}{section.3}% 8
\BOOKMARK [2][-]{subsection.3.2}{Social\040injury}{section.3}% 9
\BOOKMARK [3][-]{Item.10}{Pricing\040the\040social\040cost\040of\040carbon}{subsection.3.2}% 10
\BOOKMARK [3][-]{Item.10}{Impacts\040on\040agriculture}{subsection.3.2}% 11
\BOOKMARK [3][-]{Item.10}{The\040inundation\040of\040coastal\040areas}{subsection.3.2}% 12
\BOOKMARK [3][-]{Item.10}{Storms,\040droughts,\040and\040other\040extreme\040weather}{subsection.3.2}% 13
\BOOKMARK [3][-]{Item.10}{Wildfires}{subsection.3.2}% 14
\BOOKMARK [3][-]{Item.10}{Increased\040risks\040to\040human\040health}{subsection.3.2}% 15
\BOOKMARK [3][-]{Item.10}{Ecosystem\040collapse}{subsection.3.2}% 16
\BOOKMARK [3][-]{Item.10}{Threats\040to\040First\040Nations\040groups\040and\040indigenous\040cultures}{subsection.3.2}% 17
\BOOKMARK [3][-]{Item.10}{Threats\040to\040the\040infrastructure\040of\040cities,\040including\040Toronto}{subsection.3.2}% 18
\BOOKMARK [3][-]{Item.10}{Abrupt\040and\040non-linear\040adverse\040climate\040impacts}{subsection.3.2}% 19
\BOOKMARK [3][-]{Item.10}{Security\040implications}{subsection.3.2}% 20
\BOOKMARK [2][-]{subsection.3.3}{The\040harm\040caused\040is\040inherent\040to\040the\040primary\040business\040of\040fossil\040fuel\040companies}{section.3}% 21
\BOOKMARK [2][-]{subsection.3.4}{The\040business\040activities\040of\040these\040companies\040frustrate\040the\040enforcement\040of\040the\040rules\040of\040domestic\040and\040international\040law\040intended\040to\040protect\040individuals\040against\040deprivation\040of\040health,\040safety,\040and\040basic\040freedoms}{section.3}% 22
\BOOKMARK [3][-]{section*.1}{Canadian\040domestic\040law}{subsection.3.4}% 23
\BOOKMARK [3][-]{Item.18}{U.S.\040domestic\040law}{subsection.3.4}% 24
\BOOKMARK [3][-]{Item.18}{Domestic\040law\040in\040other\040jurisdictions}{subsection.3.4}% 25
\BOOKMARK [3][-]{Item.18}{International\040law}{subsection.3.4}% 26
\BOOKMARK [2][-]{subsection.3.5}{Why\040fossil\040fuels\040are\040like\040tobacco}{section.3}% 27
\BOOKMARK [1][-]{section.4}{Divestment\040is\040compatible\040with\040the\040university's\040fiduciary\040duties}{}% 28
\BOOKMARK [2][-]{subsection.4.1}{From\040the\040U\040of\040T\040divestment\040policy}{section.4}% 29
\BOOKMARK [2][-]{subsection.4.2}{Fossil\040fuel\040divestment\040is\040financially\040responsible}{section.4}% 30
\BOOKMARK [2][-]{subsection.4.3}{There\040is\040no\040evidence\040of\040a\040divestment\040penalty\040for\040investors}{section.4}% 31
\BOOKMARK [2][-]{subsection.4.4}{Market\040capitalization\040and\040value\040at\040risk}{section.4}% 32
\BOOKMARK [3][-]{section*.2}{Stated\040policy\040objectives\040are\040incompatible\040with\040the\040current\040valuation\040of\040fossil\040fuel\040reserves}{subsection.4.4}% 33
\BOOKMARK [3][-]{section*.2}{Regulatory\040risk\040is\040not\040adequately\040priced}{subsection.4.4}% 34
\BOOKMARK [3][-]{section*.2}{There\040is\040a\040strong\040potential\040for\040malinvestment\040in\040capital-intensive,\040long-term\040projects}{subsection.4.4}% 35
\BOOKMARK [3][-]{section*.2}{Fossil\040fuel\040reserves\040as\040stranded\040assets}{subsection.4.4}% 36
\BOOKMARK [3][-]{section*.2}{Volatility\040of\040investor\040sentiment}{subsection.4.4}% 37
\BOOKMARK [2][-]{subsection.4.5}{Fossil\040fuels\040represent\040a\040risk\040to\040the\040university's\040other\040investments}{section.4}% 38
\BOOKMARK [2][-]{subsection.4.6}{Attractive\040substitutes\040exist\040for\040divested\040equities}{section.4}% 39
\BOOKMARK [2][-]{subsection.4.7}{Pensions\040and\040climate\040change}{section.4}% 40
\BOOKMARK [2][-]{subsection.4.8}{The\040significance\040of\040U\040of\040T's\040investments}{section.4}% 41
\BOOKMARK [2][-]{subsection.4.9}{Towards\040divestment}{section.4}% 42
\BOOKMARK [1][-]{section.5}{Actions\040have\040been\040taken\040by\040the\040Canadian\040government\040and\040international\040bodies\040on\040this\040issue}{}% 43
\BOOKMARK [2][-]{subsection.5.1}{From\040the\040U\040of\040T\040divestment\040policy}{section.5}% 44
\BOOKMARK [2][-]{subsection.5.2}{Canadian\040federal\040government}{section.5}% 45
\BOOKMARK [2][-]{subsection.5.3}{Government\040of\040Ontario}{section.5}% 46
\BOOKMARK [2][-]{subsection.5.4}{City\040of\040Toronto}{section.5}% 47
\BOOKMARK [2][-]{subsection.5.5}{Actions\040taken\040by\040other\040national\040bodies}{section.5}% 48
\BOOKMARK [3][-]{section*.3}{United\040States}{subsection.5.5}% 49
\BOOKMARK [3][-]{section*.3}{United\040Kingdom}{subsection.5.5}% 50
\BOOKMARK [3][-]{section*.3}{Germany}{subsection.5.5}% 51
\BOOKMARK [3][-]{section*.3}{China}{subsection.5.5}% 52
\BOOKMARK [3][-]{section*.3}{India}{subsection.5.5}% 53
\BOOKMARK [3][-]{section*.3}{France}{subsection.5.5}% 54
\BOOKMARK [2][-]{subsection.5.6}{Actions\040taken\040by\040international\040bodies}{section.5}% 55
\BOOKMARK [1][-]{section.6}{Why\040start\040with\040Royal\040Dutch\040Shell?}{}% 56
\BOOKMARK [2][-]{subsection.6.1}{Shell's\040ongoing\040history\040of\040social\040injury}{section.6}% 57
\BOOKMARK [3][-]{Item.23}{Legal\040offences\040in\040Nigeria}{subsection.6.1}% 58
\BOOKMARK [3][-]{Item.23}{Infringements\040on\040governmental\040regulations\040and\040international\040health\040and\040environmental\040standards\040with\040respect\040to\040operations\040in\040Nigeria}{subsection.6.1}% 59
\BOOKMARK [3][-]{Item.23}{Legal\040offences\040in\040Alberta}{subsection.6.1}% 60
\BOOKMARK [3][-]{Item.23}{Continued\040threats\040to\040human\040rights,\040environmental\040well-being\040and\040international\040law}{subsection.6.1}% 61
\BOOKMARK [2][-]{subsection.6.2}{Shell\040represents\040financial\040risk}{section.6}% 62
\BOOKMARK [3][-]{Item.27}{Poor\040reputation\040for\040social\040responsibility\040lowers\040shareholder\040confidence}{subsection.6.2}% 63
\BOOKMARK [3][-]{Item.27}{Fossil\040fuel\040extraction\040in\040the\040arctic\040represent\040particularly\040high-risk\040and\040unpredictable\040endeavours}{subsection.6.2}% 64
\BOOKMARK [2][-]{subsection.6.3}{Divestment\040from\040Shell\040would\040not\040hurt\040the\040university\040financially}{section.6}% 65
\BOOKMARK [1][-]{section.7}{Short\040answers\040to\040common\040questions}{}% 66
\BOOKMARK [2][-]{subsection.7.1}{Why\040should\040the\040university\040`take\040sides'\040in\040this\040matter?\040Is\040it\040appropriate\040for\040the\040university\040to\040take\040stances\040on\040social\040and\040political\040issues?}{section.7}% 67
\BOOKMARK [2][-]{subsection.7.2}{Isn't\040shareholder\040activism\040a\040better\040option?}{section.7}% 68
\BOOKMARK [2][-]{subsection.7.3}{Other\040people\040will\040buy\040the\040stocks\040we\040sell,\040so\040how\040does\040this\040make\040a\040difference?}{section.7}% 69
\BOOKMARK [2][-]{subsection.7.4}{What\040are\040the\040University\040of\040Toronto's\040peer\040schools\040doing?}{section.7}% 70
\BOOKMARK [2][-]{subsection.7.5}{But\040don't\040fossil\040fuel\040companies\040also\040invest\040in\040renewable\040energy?}{section.7}% 71
\BOOKMARK [2][-]{subsection.7.6}{In\040what\040cases\040have\040courts\040found\040that\040fossil\040fuel\040companies\040caused\040injury?}{section.7}% 72
\BOOKMARK [2][-]{subsection.7.7}{Isn't\040the\040energy\040sector,\040including\040oil\040and\040gas\040extraction,\040production\040and\040distribution,\040highly\040regulated\040by\040government\040at\040all\040levels?}{section.7}% 73
\BOOKMARK [2][-]{subsection.7.8}{Can\040humanity\040manage\040without\040fossil\040fuels?}{section.7}% 74
\BOOKMARK [2][-]{subsection.7.9}{Won't\040divestment\040hurt\040the\040endowment,\040including\040U\040of\040T's\040ability\040to\040provide\040scholarships?}{section.7}% 75
\BOOKMARK [2][-]{subsection.7.10}{Shouldn't\040U\040of\040T\040fight\040climate\040change\040through\040research\040and\040education?}{section.7}% 76
\BOOKMARK [2][-]{subsection.7.11}{Won't\040carbon\040capture\040and\040storage\040\(CCS\)\040save\040us?}{section.7}% 77
\BOOKMARK [1][-]{section.8}{Sources\040cited}{}% 78
\BOOKMARK [1][-]{section.9}{Appendix\040I:\040Issues\040with\040respect\040to\040university\040divestment}{}% 79
\BOOKMARK [2][-]{subsection.9.1}{Policy\040on\040Social\040and\040Political\040Issues\040With\040Respect\040to\040University\040Divestment}{section.9}% 80
\BOOKMARK [2][-]{subsection.9.2}{Procedures\040for\040Responding\040to\040Social\040and\040Political\040Issues\040with\040Respect\040to\040University\040Divestment}{section.9}% 81
\BOOKMARK [1][-]{section.10}{Appendix\040II:\040The\040200\040companies\040with\040the\040largest\040fossil\040fuel\040reserves}{}% 82
